2015-12-02 15:50:43 - PHP Warning:  unlink(/home/user1209495/www/demo35147.atservers.net/system/cache/cache.currency.1449046625): No such file or directory in /home/user1209495/www/demo35147.atservers.net/system/library/cache.php on line 18
2015-12-02 21:52:49 - PHP Notice:  Undefined index:  in /home/user1209495/www/demo35147.atservers.net/admin/index.php on line 124
2015-12-02 21:52:49 - PHP Notice:  Undefined index:  in /home/user1209495/www/demo35147.atservers.net/admin/index.php on line 127
2015-12-02 21:52:49 - PHP Notice:  Undefined index:  in /home/user1209495/www/demo35147.atservers.net/admin/index.php on line 128
2015-12-02 21:52:49 - PHP Notice:  Error: Could not load language ! in /home/user1209495/www/demo35147.atservers.net/system/library/language.php on line 39
2015-12-02 21:52:53 - PHP Notice:  Undefined index:  in /home/user1209495/www/demo35147.atservers.net/admin/index.php on line 124
2015-12-02 21:52:53 - PHP Notice:  Undefined index:  in /home/user1209495/www/demo35147.atservers.net/admin/index.php on line 127
2015-12-02 21:52:53 - PHP Notice:  Undefined index:  in /home/user1209495/www/demo35147.atservers.net/admin/index.php on line 128
2015-12-02 21:52:53 - PHP Notice:  Error: Could not load language ! in /home/user1209495/www/demo35147.atservers.net/system/library/language.php on line 39
2015-12-02 21:52:53 - PHP Notice:  Undefined index:  in /home/user1209495/www/demo35147.atservers.net/admin/index.php on line 124
2015-12-02 21:52:53 - PHP Notice:  Undefined index:  in /home/user1209495/www/demo35147.atservers.net/admin/index.php on line 127
2015-12-02 21:52:53 - PHP Notice:  Undefined index:  in /home/user1209495/www/demo35147.atservers.net/admin/index.php on line 128
2015-12-02 21:52:53 - PHP Notice:  Error: Could not load language ! in /home/user1209495/www/demo35147.atservers.net/system/library/language.php on line 39
2015-12-02 21:52:53 - PHP Notice:  Undefined index:  in /home/user1209495/www/demo35147.atservers.net/admin/index.php on line 124
2015-12-02 21:52:53 - PHP Notice:  Undefined index:  in /home/user1209495/www/demo35147.atservers.net/admin/index.php on line 127
2015-12-02 21:52:53 - PHP Notice:  Undefined index:  in /home/user1209495/www/demo35147.atservers.net/admin/index.php on line 128
2015-12-02 21:52:53 - PHP Notice:  Error: Could not load language ! in /home/user1209495/www/demo35147.atservers.net/system/library/language.php on line 39
2015-12-02 21:53:04 - PHP Notice:  Undefined index:  in /home/user1209495/www/demo35147.atservers.net/admin/index.php on line 124
2015-12-02 21:53:04 - PHP Notice:  Undefined index:  in /home/user1209495/www/demo35147.atservers.net/admin/index.php on line 127
2015-12-02 21:53:04 - PHP Notice:  Undefined index:  in /home/user1209495/www/demo35147.atservers.net/admin/index.php on line 128
2015-12-02 21:53:04 - PHP Notice:  Error: Could not load language ! in /home/user1209495/www/demo35147.atservers.net/system/library/language.php on line 39
2015-12-02 21:53:05 - PHP Notice:  Undefined index:  in /home/user1209495/www/demo35147.atservers.net/admin/index.php on line 124
2015-12-02 21:53:05 - PHP Notice:  Undefined index:  in /home/user1209495/www/demo35147.atservers.net/admin/index.php on line 127
2015-12-02 21:53:05 - PHP Notice:  Undefined index:  in /home/user1209495/www/demo35147.atservers.net/admin/index.php on line 128
2015-12-02 21:53:05 - PHP Notice:  Error: Could not load language ! in /home/user1209495/www/demo35147.atservers.net/system/library/language.php on line 39
2015-12-02 21:53:05 - PHP Notice:  Undefined index:  in /home/user1209495/www/demo35147.atservers.net/admin/index.php on line 124
2015-12-02 21:53:05 - PHP Notice:  Undefined index:  in /home/user1209495/www/demo35147.atservers.net/admin/index.php on line 127
2015-12-02 21:53:05 - PHP Notice:  Undefined index:  in /home/user1209495/www/demo35147.atservers.net/admin/index.php on line 128
2015-12-02 21:53:05 - PHP Notice:  Error: Could not load language ! in /home/user1209495/www/demo35147.atservers.net/system/library/language.php on line 39
2015-12-02 21:53:19 - PHP Notice:  Undefined index:  in /home/user1209495/www/demo35147.atservers.net/admin/index.php on line 124
2015-12-02 21:53:19 - PHP Notice:  Undefined index:  in /home/user1209495/www/demo35147.atservers.net/admin/index.php on line 127
2015-12-02 21:53:19 - PHP Notice:  Undefined index:  in /home/user1209495/www/demo35147.atservers.net/admin/index.php on line 128
2015-12-02 21:53:19 - PHP Notice:  Error: Could not load language ! in /home/user1209495/www/demo35147.atservers.net/system/library/language.php on line 39
2015-12-02 21:53:23 - PHP Notice:  Undefined index:  in /home/user1209495/www/demo35147.atservers.net/admin/index.php on line 124
2015-12-02 21:53:23 - PHP Notice:  Undefined index:  in /home/user1209495/www/demo35147.atservers.net/admin/index.php on line 127
2015-12-02 21:53:23 - PHP Notice:  Undefined index:  in /home/user1209495/www/demo35147.atservers.net/admin/index.php on line 128
2015-12-02 21:53:23 - PHP Notice:  Error: Could not load language ! in /home/user1209495/www/demo35147.atservers.net/system/library/language.php on line 39
2015-12-02 21:53:26 - PHP Notice:  Undefined index:  in /home/user1209495/www/demo35147.atservers.net/admin/index.php on line 124
2015-12-02 21:53:26 - PHP Notice:  Undefined index:  in /home/user1209495/www/demo35147.atservers.net/admin/index.php on line 127
2015-12-02 21:53:26 - PHP Notice:  Undefined index:  in /home/user1209495/www/demo35147.atservers.net/admin/index.php on line 128
2015-12-02 21:53:26 - PHP Notice:  Error: Could not load language ! in /home/user1209495/www/demo35147.atservers.net/system/library/language.php on line 39
2015-12-02 21:53:26 - PHP Warning:  Cannot modify header information - headers already sent by (output started at /home/user1209495/www/demo35147.atservers.net/admin/index.php:82) in /home/user1209495/www/demo35147.atservers.net/system/engine/controller.php on line 28
2015-12-02 21:53:26 - PHP Warning:  Cannot modify header information - headers already sent by (output started at /home/user1209495/www/demo35147.atservers.net/admin/index.php:82) in /home/user1209495/www/demo35147.atservers.net/system/engine/controller.php on line 29
2015-12-02 21:53:33 - PHP Notice:  Undefined index:  in /home/user1209495/www/demo35147.atservers.net/admin/index.php on line 124
2015-12-02 21:53:33 - PHP Notice:  Undefined index:  in /home/user1209495/www/demo35147.atservers.net/admin/index.php on line 127
2015-12-02 21:53:33 - PHP Notice:  Undefined index:  in /home/user1209495/www/demo35147.atservers.net/admin/index.php on line 128
2015-12-02 21:53:33 - PHP Notice:  Error: Could not load language ! in /home/user1209495/www/demo35147.atservers.net/system/library/language.php on line 39
2015-12-02 21:54:01 - PHP Notice:  Undefined index:  in /home/user1209495/www/demo35147.atservers.net/admin/index.php on line 124
2015-12-02 21:54:01 - PHP Notice:  Undefined index:  in /home/user1209495/www/demo35147.atservers.net/admin/index.php on line 127
2015-12-02 21:54:01 - PHP Notice:  Undefined index:  in /home/user1209495/www/demo35147.atservers.net/admin/index.php on line 128
2015-12-02 21:54:01 - PHP Notice:  Error: Could not load language ! in /home/user1209495/www/demo35147.atservers.net/system/library/language.php on line 39
2015-12-02 21:54:01 - PHP Warning:  Cannot modify header information - headers already sent by (output started at /home/user1209495/www/demo35147.atservers.net/admin/index.php:82) in /home/user1209495/www/demo35147.atservers.net/system/engine/controller.php on line 28
2015-12-02 21:54:01 - PHP Warning:  Cannot modify header information - headers already sent by (output started at /home/user1209495/www/demo35147.atservers.net/admin/index.php:82) in /home/user1209495/www/demo35147.atservers.net/system/engine/controller.php on line 29
2015-12-02 21:54:47 - PHP Notice:  Undefined index:  in /home/user1209495/www/demo35147.atservers.net/admin/index.php on line 124
2015-12-02 21:54:47 - PHP Notice:  Undefined index:  in /home/user1209495/www/demo35147.atservers.net/admin/index.php on line 127
2015-12-02 21:54:47 - PHP Notice:  Undefined index:  in /home/user1209495/www/demo35147.atservers.net/admin/index.php on line 128
2015-12-02 21:54:47 - PHP Notice:  Error: Could not load language ! in /home/user1209495/www/demo35147.atservers.net/system/library/language.php on line 39
2015-12-02 21:55:03 - PHP Notice:  Undefined index:  in /home/user1209495/www/demo35147.atservers.net/admin/index.php on line 124
2015-12-02 21:55:03 - PHP Notice:  Undefined index:  in /home/user1209495/www/demo35147.atservers.net/admin/index.php on line 127
2015-12-02 21:55:03 - PHP Notice:  Undefined index:  in /home/user1209495/www/demo35147.atservers.net/admin/index.php on line 128
2015-12-02 21:55:03 - PHP Notice:  Error: Could not load language ! in /home/user1209495/www/demo35147.atservers.net/system/library/language.php on line 39
2015-12-02 21:55:03 - PHP Warning:  Cannot modify header information - headers already sent by (output started at /home/user1209495/www/demo35147.atservers.net/admin/index.php:82) in /home/user1209495/www/demo35147.atservers.net/system/engine/controller.php on line 28
2015-12-02 21:55:03 - PHP Warning:  Cannot modify header information - headers already sent by (output started at /home/user1209495/www/demo35147.atservers.net/admin/index.php:82) in /home/user1209495/www/demo35147.atservers.net/system/engine/controller.php on line 29
2015-12-02 21:55:11 - PHP Notice:  Undefined index:  in /home/user1209495/www/demo35147.atservers.net/admin/index.php on line 124
2015-12-02 21:55:11 - PHP Notice:  Undefined index:  in /home/user1209495/www/demo35147.atservers.net/admin/index.php on line 127
2015-12-02 21:55:11 - PHP Notice:  Undefined index:  in /home/user1209495/www/demo35147.atservers.net/admin/index.php on line 128
2015-12-02 21:55:11 - PHP Notice:  Error: Could not load language ! in /home/user1209495/www/demo35147.atservers.net/system/library/language.php on line 39
2015-12-02 21:55:11 - PHP Warning:  Cannot modify header information - headers already sent by (output started at /home/user1209495/www/demo35147.atservers.net/admin/index.php:82) in /home/user1209495/www/demo35147.atservers.net/system/engine/controller.php on line 28
2015-12-02 21:55:11 - PHP Warning:  Cannot modify header information - headers already sent by (output started at /home/user1209495/www/demo35147.atservers.net/admin/index.php:82) in /home/user1209495/www/demo35147.atservers.net/system/engine/controller.php on line 29
2015-12-02 21:58:26 - PHP Notice:  Undefined index:  in /home/user1209495/www/demo35147.atservers.net/index.php on line 179
2015-12-02 21:58:26 - PHP Notice:  Undefined index:  in /home/user1209495/www/demo35147.atservers.net/index.php on line 180
2015-12-02 21:58:26 - PHP Notice:  Undefined index:  in /home/user1209495/www/demo35147.atservers.net/index.php on line 183
2015-12-02 21:58:26 - PHP Notice:  Undefined index:  in /home/user1209495/www/demo35147.atservers.net/index.php on line 184
2015-12-02 21:58:26 - PHP Notice:  Error: Could not load language ! in /home/user1209495/www/demo35147.atservers.net/system/library/language.php on line 39
2015-12-02 22:10:02 - PHP Notice:  Undefined index:  in /home/user1209495/www/demo35147.atservers.net/admin/index.php on line 124
2015-12-02 22:10:02 - PHP Notice:  Undefined index:  in /home/user1209495/www/demo35147.atservers.net/admin/index.php on line 127
2015-12-02 22:10:02 - PHP Notice:  Undefined index:  in /home/user1209495/www/demo35147.atservers.net/admin/index.php on line 128
2015-12-02 22:10:02 - PHP Notice:  Error: Could not load language ! in /home/user1209495/www/demo35147.atservers.net/system/library/language.php on line 39
2015-12-02 22:10:20 - PHP Notice:  Undefined index:  in /home/user1209495/www/demo35147.atservers.net/admin/index.php on line 124
2015-12-02 22:10:20 - PHP Notice:  Undefined index:  in /home/user1209495/www/demo35147.atservers.net/admin/index.php on line 127
2015-12-02 22:10:20 - PHP Notice:  Undefined index:  in /home/user1209495/www/demo35147.atservers.net/admin/index.php on line 128
2015-12-02 22:10:20 - PHP Notice:  Error: Could not load language ! in /home/user1209495/www/demo35147.atservers.net/system/library/language.php on line 39
2015-12-02 22:10:33 - PHP Notice:  Undefined index:  in /home/user1209495/www/demo35147.atservers.net/admin/index.php on line 124
2015-12-02 22:10:33 - PHP Notice:  Undefined index:  in /home/user1209495/www/demo35147.atservers.net/admin/index.php on line 127
2015-12-02 22:10:33 - PHP Notice:  Undefined index:  in /home/user1209495/www/demo35147.atservers.net/admin/index.php on line 128
2015-12-02 22:10:33 - PHP Notice:  Error: Could not load language ! in /home/user1209495/www/demo35147.atservers.net/system/library/language.php on line 39
2015-12-02 22:10:33 - PHP Warning:  Cannot modify header information - headers already sent by (output started at /home/user1209495/www/demo35147.atservers.net/admin/index.php:82) in /home/user1209495/www/demo35147.atservers.net/system/engine/controller.php on line 28
2015-12-02 22:10:33 - PHP Warning:  Cannot modify header information - headers already sent by (output started at /home/user1209495/www/demo35147.atservers.net/admin/index.php:82) in /home/user1209495/www/demo35147.atservers.net/system/engine/controller.php on line 29
2015-12-02 22:15:53 - PHP Notice:  Undefined index:  in /home/user1209495/www/demo35147.atservers.net/admin/index.php on line 124
2015-12-02 22:15:53 - PHP Notice:  Undefined index:  in /home/user1209495/www/demo35147.atservers.net/admin/index.php on line 127
2015-12-02 22:15:53 - PHP Notice:  Undefined index:  in /home/user1209495/www/demo35147.atservers.net/admin/index.php on line 128
2015-12-02 22:15:53 - PHP Notice:  Error: Could not load language ! in /home/user1209495/www/demo35147.atservers.net/system/library/language.php on line 39
2015-12-02 22:15:53 - PHP Warning:  Cannot modify header information - headers already sent by (output started at /home/user1209495/www/demo35147.atservers.net/admin/index.php:82) in /home/user1209495/www/demo35147.atservers.net/system/engine/controller.php on line 28
2015-12-02 22:15:53 - PHP Warning:  Cannot modify header information - headers already sent by (output started at /home/user1209495/www/demo35147.atservers.net/admin/index.php:82) in /home/user1209495/www/demo35147.atservers.net/system/engine/controller.php on line 29
2015-12-02 22:15:56 - PHP Notice:  Undefined index:  in /home/user1209495/www/demo35147.atservers.net/admin/index.php on line 124
2015-12-02 22:15:56 - PHP Notice:  Undefined index:  in /home/user1209495/www/demo35147.atservers.net/admin/index.php on line 127
2015-12-02 22:15:56 - PHP Notice:  Undefined index:  in /home/user1209495/www/demo35147.atservers.net/admin/index.php on line 128
2015-12-02 22:15:56 - PHP Notice:  Error: Could not load language ! in /home/user1209495/www/demo35147.atservers.net/system/library/language.php on line 39
2015-12-02 22:16:07 - PHP Notice:  Undefined index:  in /home/user1209495/www/demo35147.atservers.net/admin/index.php on line 124
2015-12-02 22:16:07 - PHP Notice:  Undefined index:  in /home/user1209495/www/demo35147.atservers.net/admin/index.php on line 127
2015-12-02 22:16:07 - PHP Notice:  Undefined index:  in /home/user1209495/www/demo35147.atservers.net/admin/index.php on line 128
2015-12-02 22:16:07 - PHP Notice:  Error: Could not load language ! in /home/user1209495/www/demo35147.atservers.net/system/library/language.php on line 39
2015-12-02 22:16:07 - PHP Warning:  Cannot modify header information - headers already sent by (output started at /home/user1209495/www/demo35147.atservers.net/admin/index.php:82) in /home/user1209495/www/demo35147.atservers.net/system/engine/controller.php on line 28
2015-12-02 22:16:07 - PHP Warning:  Cannot modify header information - headers already sent by (output started at /home/user1209495/www/demo35147.atservers.net/admin/index.php:82) in /home/user1209495/www/demo35147.atservers.net/system/engine/controller.php on line 29
2015-12-02 22:25:00 - PHP Notice:  Undefined index:  in /home/user1209495/www/demo35147.atservers.net/admin/index.php on line 130
2015-12-02 22:25:00 - PHP Notice:  Undefined index:  in /home/user1209495/www/demo35147.atservers.net/admin/index.php on line 131
2015-12-02 22:25:00 - PHP Notice:  Error: Could not load language ! in /home/user1209495/www/demo35147.atservers.net/system/library/language.php on line 39
2015-12-02 22:25:00 - PHP Warning:  Cannot modify header information - headers already sent by (output started at /home/user1209495/www/demo35147.atservers.net/admin/index.php:82) in /home/user1209495/www/demo35147.atservers.net/system/engine/controller.php on line 28
2015-12-02 22:25:00 - PHP Warning:  Cannot modify header information - headers already sent by (output started at /home/user1209495/www/demo35147.atservers.net/admin/index.php:82) in /home/user1209495/www/demo35147.atservers.net/system/engine/controller.php on line 29
